Traceback (most recent call last):
  File "/opt/hostedtoolcache/Python/3.9.9/x64/lib/python3.9/site-packages/jupyter_cache/executors/utils.py", line 51, in single_nb_execution
    executenb(
  File "/opt/hostedtoolcache/Python/3.9.9/x64/lib/python3.9/site-packages/nbclient/client.py", line 1085, in execute
    return NotebookClient(nb=nb, resources=resources, km=km, **kwargs).execute()
  File "/opt/hostedtoolcache/Python/3.9.9/x64/lib/python3.9/site-packages/nbclient/util.py", line 84, in wrapped
    return just_run(coro(*args, **kwargs))
  File "/opt/hostedtoolcache/Python/3.9.9/x64/lib/python3.9/site-packages/nbclient/util.py", line 62, in just_run
    return loop.run_until_complete(coro)
  File "/opt/hostedtoolcache/Python/3.9.9/x64/lib/python3.9/asyncio/base_events.py", line 642, in run_until_complete
    return future.result()
  File "/opt/hostedtoolcache/Python/3.9.9/x64/lib/python3.9/site-packages/nbclient/client.py", line 551, in async_execute
    await self.async_execute_cell(
  File "/opt/hostedtoolcache/Python/3.9.9/x64/lib/python3.9/site-packages/nbclient/client.py", line 846, in async_execute_cell
    self._check_raise_for_error(cell, exec_reply)
  File "/opt/hostedtoolcache/Python/3.9.9/x64/lib/python3.9/site-packages/nbclient/client.py", line 748, in _check_raise_for_error
    raise CellExecutionError.from_cell_and_msg(cell, exec_reply_content)
nbclient.exceptions.CellExecutionError: An error occurred while executing the following cell:
------------------
import matplotlib.pyplot as plt

from matplotlib import animation, rc
from IPython.display import HTML

fig, ax = plt.subplots()

ax.set_xlim(( 0, 2))
ax.set_ylim((-0.1, 2))

line, = ax.plot([], [], 's')
quiv, = ax.quiver([],[],[],[])

def init():
    line.set_data([], [])
    quiv.set_UVC([],[])
    return (line,)
    
def animate(i):
    x = np.linspace(0, 1, 100)
    line.set_data(x[i], 0)
    plt.quiver(x[i],0,F[0],F[1])
    return (line,)
    
anim = animation.FuncAnimation(fig, animate, init_func=init,
                               frames=100, interval=20, blit=True)

HTML(anim.to_html5_video())
------------------

[0;31m---------------------------------------------------------------------------[0m
[0;31mTypeError[0m                                 Traceback (most recent call last)
Input [0;32mIn [53][0m, in [0;36m<module>[0;34m[0m
[1;32m      9[0m ax[38;5;241m.[39mset_ylim(([38;5;241m-[39m[38;5;241m0.1[39m, [38;5;241m2[39m))
[1;32m     11[0m line, [38;5;241m=[39m ax[38;5;241m.[39mplot([], [], [38;5;124m'[39m[38;5;124ms[39m[38;5;124m'[39m)
[0;32m---> 12[0m quiv, [38;5;241m=[39m ax[38;5;241m.[39mquiver([],[],[],[])
[1;32m     14[0m [38;5;28;01mdef[39;00m [38;5;21minit[39m():
[1;32m     15[0m     line[38;5;241m.[39mset_data([], [])

[0;31mTypeError[0m: cannot unpack non-iterable Quiver object
TypeError: cannot unpack non-iterable Quiver object

