Traceback (most recent call last):
  File "/opt/hostedtoolcache/Python/3.9.9/x64/lib/python3.9/site-packages/jupyter_cache/executors/utils.py", line 51, in single_nb_execution
    executenb(
  File "/opt/hostedtoolcache/Python/3.9.9/x64/lib/python3.9/site-packages/nbclient/client.py", line 1085, in execute
    return NotebookClient(nb=nb, resources=resources, km=km, **kwargs).execute()
  File "/opt/hostedtoolcache/Python/3.9.9/x64/lib/python3.9/site-packages/nbclient/util.py", line 84, in wrapped
    return just_run(coro(*args, **kwargs))
  File "/opt/hostedtoolcache/Python/3.9.9/x64/lib/python3.9/site-packages/nbclient/util.py", line 62, in just_run
    return loop.run_until_complete(coro)
  File "/opt/hostedtoolcache/Python/3.9.9/x64/lib/python3.9/asyncio/base_events.py", line 642, in run_until_complete
    return future.result()
  File "/opt/hostedtoolcache/Python/3.9.9/x64/lib/python3.9/site-packages/nbclient/client.py", line 551, in async_execute
    await self.async_execute_cell(
  File "/opt/hostedtoolcache/Python/3.9.9/x64/lib/python3.9/site-packages/nbclient/client.py", line 846, in async_execute_cell
    self._check_raise_for_error(cell, exec_reply)
  File "/opt/hostedtoolcache/Python/3.9.9/x64/lib/python3.9/site-packages/nbclient/client.py", line 748, in _check_raise_for_error
    raise CellExecutionError.from_cell_and_msg(cell, exec_reply_content)
nbclient.exceptions.CellExecutionError: An error occurred while executing the following cell:
------------------
anim = animation.FuncAnimation(fig, animate, init_func=init,
                               frames=range(0,len(a1)), interval=10, 
                               blit=True)
------------------

[0;31m---------------------------------------------------------------------------[0m
[0;31mFileNotFoundError[0m                         Traceback (most recent call last)
File [0;32m/opt/hostedtoolcache/Python/3.9.9/x64/lib/python3.9/site-packages/matplotlib/texmanager.py:233[0m, in [0;36mTexManager._run_checked_subprocess[0;34m(self, command, tex, cwd)[0m
[1;32m    232[0m [38;5;28;01mtry[39;00m:
[0;32m--> 233[0m     report [38;5;241m=[39m [43msubprocess[49m[38;5;241;43m.[39;49m[43mcheck_output[49m[43m([49m
[1;32m    234[0m [43m        [49m[43mcommand[49m[43m,[49m[43m [49m[43mcwd[49m[38;5;241;43m=[39;49m[43mcwd[49m[43m [49m[38;5;28;43;01mif[39;49;00m[43m [49m[43mcwd[49m[43m [49m[38;5;129;43;01mis[39;49;00m[43m [49m[38;5;129;43;01mnot[39;49;00m[43m [49m[38;5;28;43;01mNone[39;49;00m[43m [49m[38;5;28;43;01melse[39;49;00m[43m [49m[38;5;28;43mself[39;49m[38;5;241;43m.[39;49m[43mtexcache[49m[43m,[49m
[1;32m    235[0m [43m        [49m[43mstderr[49m[38;5;241;43m=[39;49m[43msubprocess[49m[38;5;241;43m.[39;49m[43mSTDOUT[49m[43m)[49m
[1;32m    236[0m [38;5;28;01mexcept[39;00m [38;5;167;01mFileNotFoundError[39;00m [38;5;28;01mas[39;00m exc:

File [0;32m/opt/hostedtoolcache/Python/3.9.9/x64/lib/python3.9/subprocess.py:424[0m, in [0;36mcheck_output[0;34m(timeout, *popenargs, **kwargs)[0m
[1;32m    422[0m     kwargs[[38;5;124m'[39m[38;5;124minput[39m[38;5;124m'[39m] [38;5;241m=[39m empty
[0;32m--> 424[0m [38;5;28;01mreturn[39;00m [43mrun[49m[43m([49m[38;5;241;43m*[39;49m[43mpopenargs[49m[43m,[49m[43m [49m[43mstdout[49m[38;5;241;43m=[39;49m[43mPIPE[49m[43m,[49m[43m [49m[43mtimeout[49m[38;5;241;43m=[39;49m[43mtimeout[49m[43m,[49m[43m [49m[43mcheck[49m[38;5;241;43m=[39;49m[38;5;28;43;01mTrue[39;49;00m[43m,[49m
[1;32m    425[0m [43m           [49m[38;5;241;43m*[39;49m[38;5;241;43m*[39;49m[43mkwargs[49m[43m)[49m[38;5;241m.[39mstdout

File [0;32m/opt/hostedtoolcache/Python/3.9.9/x64/lib/python3.9/subprocess.py:505[0m, in [0;36mrun[0;34m(input, capture_output, timeout, check, *popenargs, **kwargs)[0m
[1;32m    503[0m     kwargs[[38;5;124m'[39m[38;5;124mstderr[39m[38;5;124m'[39m] [38;5;241m=[39m PIPE
[0;32m--> 505[0m [38;5;28;01mwith[39;00m [43mPopen[49m[43m([49m[38;5;241;43m*[39;49m[43mpopenargs[49m[43m,[49m[43m [49m[38;5;241;43m*[39;49m[38;5;241;43m*[39;49m[43mkwargs[49m[43m)[49m [38;5;28;01mas[39;00m process:
[1;32m    506[0m     [38;5;28;01mtry[39;00m:

File [0;32m/opt/hostedtoolcache/Python/3.9.9/x64/lib/python3.9/subprocess.py:951[0m, in [0;36mPopen.__init__[0;34m(self, args, bufsize, executable, stdin, stdout, stderr, preexec_fn, close_fds, shell, cwd, env, universal_newlines, startupinfo, creationflags, restore_signals, start_new_session, pass_fds, user, group, extra_groups, encoding, errors, text, umask)[0m
[1;32m    948[0m             [38;5;28mself[39m[38;5;241m.[39mstderr [38;5;241m=[39m io[38;5;241m.[39mTextIOWrapper([38;5;28mself[39m[38;5;241m.[39mstderr,
[1;32m    949[0m                     encoding[38;5;241m=[39mencoding, errors[38;5;241m=[39merrors)
[0;32m--> 951[0m     [38;5;28;43mself[39;49m[38;5;241;43m.[39;49m[43m_execute_child[49m[43m([49m[43margs[49m[43m,[49m[43m [49m[43mexecutable[49m[43m,[49m[43m [49m[43mpreexec_fn[49m[43m,[49m[43m [49m[43mclose_fds[49m[43m,[49m
[1;32m    952[0m [43m                        [49m[43mpass_fds[49m[43m,[49m[43m [49m[43mcwd[49m[43m,[49m[43m [49m[43menv[49m[43m,[49m
[1;32m    953[0m [43m                        [49m[43mstartupinfo[49m[43m,[49m[43m [49m[43mcreationflags[49m[43m,[49m[43m [49m[43mshell[49m[43m,[49m
[1;32m    954[0m [43m                        [49m[43mp2cread[49m[43m,[49m[43m [49m[43mp2cwrite[49m[43m,[49m
[1;32m    955[0m [43m                        [49m[43mc2pread[49m[43m,[49m[43m [49m[43mc2pwrite[49m[43m,[49m
[1;32m    956[0m [43m                        [49m[43merrread[49m[43m,[49m[43m [49m[43merrwrite[49m[43m,[49m
[1;32m    957[0m [43m                        [49m[43mrestore_signals[49m[43m,[49m
[1;32m    958[0m [43m                        [49m[43mgid[49m[43m,[49m[43m [49m[43mgids[49m[43m,[49m[43m [49m[43muid[49m[43m,[49m[43m [49m[43mumask[49m[43m,[49m
[1;32m    959[0m [43m                        [49m[43mstart_new_session[49m[43m)[49m
[1;32m    960[0m [38;5;28;01mexcept[39;00m:
[1;32m    961[0m     [38;5;66;03m# Cleanup if the child failed starting.[39;00m

File [0;32m/opt/hostedtoolcache/Python/3.9.9/x64/lib/python3.9/subprocess.py:1821[0m, in [0;36mPopen._execute_child[0;34m(self, args, executable, preexec_fn, close_fds, pass_fds, cwd, env, startupinfo, creationflags, shell, p2cread, p2cwrite, c2pread, c2pwrite, errread, errwrite, restore_signals, gid, gids, uid, umask, start_new_session)[0m
[1;32m   1820[0m         err_msg [38;5;241m=[39m os[38;5;241m.[39mstrerror(errno_num)
[0;32m-> 1821[0m     [38;5;28;01mraise[39;00m child_exception_type(errno_num, err_msg, err_filename)
[1;32m   1822[0m [38;5;28;01mraise[39;00m child_exception_type(err_msg)

[0;31mFileNotFoundError[0m: [Errno 2] No such file or directory: 'latex'

The above exception was the direct cause of the following exception:

[0;31mRuntimeError[0m                              Traceback (most recent call last)
Input [0;32mIn [13][0m, in [0;36m<module>[0;34m[0m
[0;32m----> 1[0m anim [38;5;241m=[39m [43manimation[49m[38;5;241;43m.[39;49m[43mFuncAnimation[49m[43m([49m[43mfig[49m[43m,[49m[43m [49m[43manimate[49m[43m,[49m[43m [49m[43minit_func[49m[38;5;241;43m=[39;49m[43minit[49m[43m,[49m
[1;32m      2[0m [43m                               [49m[43mframes[49m[38;5;241;43m=[39;49m[38;5;28;43mrange[39;49m[43m([49m[38;5;241;43m0[39;49m[43m,[49m[38;5;28;43mlen[39;49m[43m([49m[43ma1[49m[43m)[49m[43m)[49m[43m,[49m[43m [49m[43minterval[49m[38;5;241;43m=[39;49m[38;5;241;43m10[39;49m[43m,[49m[43m [49m
[1;32m      3[0m [43m                               [49m[43mblit[49m[38;5;241;43m=[39;49m[38;5;28;43;01mTrue[39;49;00m[43m)[49m

File [0;32m/opt/hostedtoolcache/Python/3.9.9/x64/lib/python3.9/site-packages/matplotlib/animation.py:1636[0m, in [0;36mFuncAnimation.__init__[0;34m(self, fig, func, frames, init_func, fargs, save_count, cache_frame_data, **kwargs)[0m
[1;32m   1633[0m [38;5;66;03m# Needs to be initialized so the draw functions work without checking[39;00m
[1;32m   1634[0m [38;5;28mself[39m[38;5;241m.[39m_save_seq [38;5;241m=[39m []
[0;32m-> 1636[0m [38;5;28;43msuper[39;49m[43m([49m[43m)[49m[38;5;241;43m.[39;49m[38;5;21;43m__init__[39;49m[43m([49m[43mfig[49m[43m,[49m[43m [49m[38;5;241;43m*[39;49m[38;5;241;43m*[39;49m[43mkwargs[49m[43m)[49m
[1;32m   1638[0m [38;5;66;03m# Need to reset the saved seq, since right now it will contain data[39;00m
[1;32m   1639[0m [38;5;66;03m# for a single frame from init, which is not what we want.[39;00m
[1;32m   1640[0m [38;5;28mself[39m[38;5;241m.[39m_save_seq [38;5;241m=[39m []

File [0;32m/opt/hostedtoolcache/Python/3.9.9/x64/lib/python3.9/site-packages/matplotlib/animation.py:1398[0m, in [0;36mTimedAnimation.__init__[0;34m(self, fig, interval, repeat_delay, repeat, event_source, *args, **kwargs)[0m
[1;32m   1396[0m [38;5;28;01mif[39;00m event_source [38;5;129;01mis[39;00m [38;5;28;01mNone[39;00m:
[1;32m   1397[0m     event_source [38;5;241m=[39m fig[38;5;241m.[39mcanvas[38;5;241m.[39mnew_timer(interval[38;5;241m=[39m[38;5;28mself[39m[38;5;241m.[39m_interval)
[0;32m-> 1398[0m [38;5;28;43msuper[39;49m[43m([49m[43m)[49m[38;5;241;43m.[39;49m[38;5;21;43m__init__[39;49m[43m([49m[43mfig[49m[43m,[49m[43m [49m[43mevent_source[49m[38;5;241;43m=[39;49m[43mevent_source[49m[43m,[49m[43m [49m[38;5;241;43m*[39;49m[43margs[49m[43m,[49m[43m [49m[38;5;241;43m*[39;49m[38;5;241;43m*[39;49m[43mkwargs[49m[43m)[49m

File [0;32m/opt/hostedtoolcache/Python/3.9.9/x64/lib/python3.9/site-packages/matplotlib/animation.py:885[0m, in [0;36mAnimation.__init__[0;34m(self, fig, event_source, blit)[0m
[1;32m    882[0m [38;5;28mself[39m[38;5;241m.[39m_close_id [38;5;241m=[39m [38;5;28mself[39m[38;5;241m.[39m_fig[38;5;241m.[39mcanvas[38;5;241m.[39mmpl_connect([38;5;124m'[39m[38;5;124mclose_event[39m[38;5;124m'[39m,
[1;32m    883[0m                                               [38;5;28mself[39m[38;5;241m.[39m_stop)
[1;32m    884[0m [38;5;28;01mif[39;00m [38;5;28mself[39m[38;5;241m.[39m_blit:
[0;32m--> 885[0m     [38;5;28;43mself[39;49m[38;5;241;43m.[39;49m[43m_setup_blit[49m[43m([49m[43m)[49m

File [0;32m/opt/hostedtoolcache/Python/3.9.9/x64/lib/python3.9/site-packages/matplotlib/animation.py:1199[0m, in [0;36mAnimation._setup_blit[0;34m(self)[0m
[1;32m   1196[0m [38;5;28mself[39m[38;5;241m.[39m_drawn_artists [38;5;241m=[39m []
[1;32m   1197[0m [38;5;28mself[39m[38;5;241m.[39m_resize_id [38;5;241m=[39m [38;5;28mself[39m[38;5;241m.[39m_fig[38;5;241m.[39mcanvas[38;5;241m.[39mmpl_connect([38;5;124m'[39m[38;5;124mresize_event[39m[38;5;124m'[39m,
[1;32m   1198[0m                                                [38;5;28mself[39m[38;5;241m.[39m_on_resize)
[0;32m-> 1199[0m [38;5;28;43mself[39;49m[38;5;241;43m.[39;49m[43m_post_draw[49m[43m([49m[38;5;28;43;01mNone[39;49;00m[43m,[49m[43m [49m[38;5;28;43mself[39;49m[38;5;241;43m.[39;49m[43m_blit[49m[43m)[49m

File [0;32m/opt/hostedtoolcache/Python/3.9.9/x64/lib/python3.9/site-packages/matplotlib/animation.py:1152[0m, in [0;36mAnimation._post_draw[0;34m(self, framedata, blit)[0m
[1;32m   1150[0m     [38;5;28mself[39m[38;5;241m.[39m_blit_draw([38;5;28mself[39m[38;5;241m.[39m_drawn_artists)
[1;32m   1151[0m [38;5;28;01melse[39;00m:
[0;32m-> 1152[0m     [38;5;28;43mself[39;49m[38;5;241;43m.[39;49m[43m_fig[49m[38;5;241;43m.[39;49m[43mcanvas[49m[38;5;241;43m.[39;49m[43mdraw_idle[49m[43m([49m[43m)[49m

File [0;32m/opt/hostedtoolcache/Python/3.9.9/x64/lib/python3.9/site-packages/matplotlib/backend_bases.py:2060[0m, in [0;36mFigureCanvasBase.draw_idle[0;34m(self, *args, **kwargs)[0m
[1;32m   2058[0m [38;5;28;01mif[39;00m [38;5;129;01mnot[39;00m [38;5;28mself[39m[38;5;241m.[39m_is_idle_drawing:
[1;32m   2059[0m     [38;5;28;01mwith[39;00m [38;5;28mself[39m[38;5;241m.[39m_idle_draw_cntx():
[0;32m-> 2060[0m         [38;5;28;43mself[39;49m[38;5;241;43m.[39;49m[43mdraw[49m[43m([49m[38;5;241;43m*[39;49m[43margs[49m[43m,[49m[43m [49m[38;5;241;43m*[39;49m[38;5;241;43m*[39;49m[43mkwargs[49m[43m)[49m

File [0;32m/opt/hostedtoolcache/Python/3.9.9/x64/lib/python3.9/site-packages/matplotlib/backends/backend_agg.py:436[0m, in [0;36mFigureCanvasAgg.draw[0;34m(self)[0m
[1;32m    432[0m [38;5;66;03m# Acquire a lock on the shared font cache.[39;00m
[1;32m    433[0m [38;5;28;01mwith[39;00m RendererAgg[38;5;241m.[39mlock, \
[1;32m    434[0m      ([38;5;28mself[39m[38;5;241m.[39mtoolbar[38;5;241m.[39m_wait_cursor_for_draw_cm() [38;5;28;01mif[39;00m [38;5;28mself[39m[38;5;241m.[39mtoolbar
[1;32m    435[0m       [38;5;28;01melse[39;00m nullcontext()):
[0;32m--> 436[0m     [38;5;28;43mself[39;49m[38;5;241;43m.[39;49m[43mfigure[49m[38;5;241;43m.[39;49m[43mdraw[49m[43m([49m[38;5;28;43mself[39;49m[38;5;241;43m.[39;49m[43mrenderer[49m[43m)[49m
[1;32m    437[0m     [38;5;66;03m# A GUI class may be need to update a window using this draw, so[39;00m
[1;32m    438[0m     [38;5;66;03m# don't forget to call the superclass.[39;00m
[1;32m    439[0m     [38;5;28msuper[39m()[38;5;241m.[39mdraw()

File [0;32m/opt/hostedtoolcache/Python/3.9.9/x64/lib/python3.9/site-packages/matplotlib/artist.py:73[0m, in [0;36m_finalize_rasterization.<locals>.draw_wrapper[0;34m(artist, renderer, *args, **kwargs)[0m
[1;32m     71[0m [38;5;129m@wraps[39m(draw)
[1;32m     72[0m [38;5;28;01mdef[39;00m [38;5;21mdraw_wrapper[39m(artist, renderer, [38;5;241m*[39margs, [38;5;241m*[39m[38;5;241m*[39mkwargs):
[0;32m---> 73[0m     result [38;5;241m=[39m [43mdraw[49m[43m([49m[43martist[49m[43m,[49m[43m [49m[43mrenderer[49m[43m,[49m[43m [49m[38;5;241;43m*[39;49m[43margs[49m[43m,[49m[43m [49m[38;5;241;43m*[39;49m[38;5;241;43m*[39;49m[43mkwargs[49m[43m)[49m
[1;32m     74[0m     [38;5;28;01mif[39;00m renderer[38;5;241m.[39m_rasterizing:
[1;32m     75[0m         renderer[38;5;241m.[39mstop_rasterizing()

File [0;32m/opt/hostedtoolcache/Python/3.9.9/x64/lib/python3.9/site-packages/matplotlib/artist.py:50[0m, in [0;36mallow_rasterization.<locals>.draw_wrapper[0;34m(artist, renderer)[0m
[1;32m     47[0m     [38;5;28;01mif[39;00m artist[38;5;241m.[39mget_agg_filter() [38;5;129;01mis[39;00m [38;5;129;01mnot[39;00m [38;5;28;01mNone[39;00m:
[1;32m     48[0m         renderer[38;5;241m.[39mstart_filter()
[0;32m---> 50[0m     [38;5;28;01mreturn[39;00m [43mdraw[49m[43m([49m[43martist[49m[43m,[49m[43m [49m[43mrenderer[49m[43m)[49m
[1;32m     51[0m [38;5;28;01mfinally[39;00m:
[1;32m     52[0m     [38;5;28;01mif[39;00m artist[38;5;241m.[39mget_agg_filter() [38;5;129;01mis[39;00m [38;5;129;01mnot[39;00m [38;5;28;01mNone[39;00m:

File [0;32m/opt/hostedtoolcache/Python/3.9.9/x64/lib/python3.9/site-packages/matplotlib/figure.py:2810[0m, in [0;36mFigure.draw[0;34m(self, renderer)[0m
[1;32m   2807[0m         [38;5;66;03m# ValueError can occur when resizing a window.[39;00m
[1;32m   2809[0m [38;5;28mself[39m[38;5;241m.[39mpatch[38;5;241m.[39mdraw(renderer)
[0;32m-> 2810[0m [43mmimage[49m[38;5;241;43m.[39;49m[43m_draw_list_compositing_images[49m[43m([49m
[1;32m   2811[0m [43m    [49m[43mrenderer[49m[43m,[49m[43m [49m[38;5;28;43mself[39;49m[43m,[49m[43m [49m[43martists[49m[43m,[49m[43m [49m[38;5;28;43mself[39;49m[38;5;241;43m.[39;49m[43msuppressComposite[49m[43m)[49m
[1;32m   2813[0m [38;5;28;01mfor[39;00m sfig [38;5;129;01min[39;00m [38;5;28mself[39m[38;5;241m.[39msubfigs:
[1;32m   2814[0m     sfig[38;5;241m.[39mdraw(renderer)

File [0;32m/opt/hostedtoolcache/Python/3.9.9/x64/lib/python3.9/site-packages/matplotlib/image.py:132[0m, in [0;36m_draw_list_compositing_images[0;34m(renderer, parent, artists, suppress_composite)[0m
[1;32m    130[0m [38;5;28;01mif[39;00m not_composite [38;5;129;01mor[39;00m [38;5;129;01mnot[39;00m has_images:
[1;32m    131[0m     [38;5;28;01mfor[39;00m a [38;5;129;01min[39;00m artists:
[0;32m--> 132[0m         [43ma[49m[38;5;241;43m.[39;49m[43mdraw[49m[43m([49m[43mrenderer[49m[43m)[49m
[1;32m    133[0m [38;5;28;01melse[39;00m:
[1;32m    134[0m     [38;5;66;03m# Composite any adjacent images together[39;00m
[1;32m    135[0m     image_group [38;5;241m=[39m []

File [0;32m/opt/hostedtoolcache/Python/3.9.9/x64/lib/python3.9/site-packages/matplotlib/artist.py:50[0m, in [0;36mallow_rasterization.<locals>.draw_wrapper[0;34m(artist, renderer)[0m
[1;32m     47[0m     [38;5;28;01mif[39;00m artist[38;5;241m.[39mget_agg_filter() [38;5;129;01mis[39;00m [38;5;129;01mnot[39;00m [38;5;28;01mNone[39;00m:
[1;32m     48[0m         renderer[38;5;241m.[39mstart_filter()
[0;32m---> 50[0m     [38;5;28;01mreturn[39;00m [43mdraw[49m[43m([49m[43martist[49m[43m,[49m[43m [49m[43mrenderer[49m[43m)[49m
[1;32m     51[0m [38;5;28;01mfinally[39;00m:
[1;32m     52[0m     [38;5;28;01mif[39;00m artist[38;5;241m.[39mget_agg_filter() [38;5;129;01mis[39;00m [38;5;129;01mnot[39;00m [38;5;28;01mNone[39;00m:

File [0;32m/opt/hostedtoolcache/Python/3.9.9/x64/lib/python3.9/site-packages/matplotlib/axes/_base.py:3082[0m, in [0;36m_AxesBase.draw[0;34m(self, renderer)[0m
[1;32m   3079[0m         a[38;5;241m.[39mdraw(renderer)
[1;32m   3080[0m     renderer[38;5;241m.[39mstop_rasterizing()
[0;32m-> 3082[0m [43mmimage[49m[38;5;241;43m.[39;49m[43m_draw_list_compositing_images[49m[43m([49m
[1;32m   3083[0m [43m    [49m[43mrenderer[49m[43m,[49m[43m [49m[38;5;28;43mself[39;49m[43m,[49m[43m [49m[43martists[49m[43m,[49m[43m [49m[38;5;28;43mself[39;49m[38;5;241;43m.[39;49m[43mfigure[49m[38;5;241;43m.[39;49m[43msuppressComposite[49m[43m)[49m
[1;32m   3085[0m renderer[38;5;241m.[39mclose_group([38;5;124m'[39m[38;5;124maxes[39m[38;5;124m'[39m)
[1;32m   3086[0m [38;5;28mself[39m[38;5;241m.[39mstale [38;5;241m=[39m [38;5;28;01mFalse[39;00m

File [0;32m/opt/hostedtoolcache/Python/3.9.9/x64/lib/python3.9/site-packages/matplotlib/image.py:132[0m, in [0;36m_draw_list_compositing_images[0;34m(renderer, parent, artists, suppress_composite)[0m
[1;32m    130[0m [38;5;28;01mif[39;00m not_composite [38;5;129;01mor[39;00m [38;5;129;01mnot[39;00m has_images:
[1;32m    131[0m     [38;5;28;01mfor[39;00m a [38;5;129;01min[39;00m artists:
[0;32m--> 132[0m         [43ma[49m[38;5;241;43m.[39;49m[43mdraw[49m[43m([49m[43mrenderer[49m[43m)[49m
[1;32m    133[0m [38;5;28;01melse[39;00m:
[1;32m    134[0m     [38;5;66;03m# Composite any adjacent images together[39;00m
[1;32m    135[0m     image_group [38;5;241m=[39m []

File [0;32m/opt/hostedtoolcache/Python/3.9.9/x64/lib/python3.9/site-packages/matplotlib/artist.py:50[0m, in [0;36mallow_rasterization.<locals>.draw_wrapper[0;34m(artist, renderer)[0m
[1;32m     47[0m     [38;5;28;01mif[39;00m artist[38;5;241m.[39mget_agg_filter() [38;5;129;01mis[39;00m [38;5;129;01mnot[39;00m [38;5;28;01mNone[39;00m:
[1;32m     48[0m         renderer[38;5;241m.[39mstart_filter()
[0;32m---> 50[0m     [38;5;28;01mreturn[39;00m [43mdraw[49m[43m([49m[43martist[49m[43m,[49m[43m [49m[43mrenderer[49m[43m)[49m
[1;32m     51[0m [38;5;28;01mfinally[39;00m:
[1;32m     52[0m     [38;5;28;01mif[39;00m artist[38;5;241m.[39mget_agg_filter() [38;5;129;01mis[39;00m [38;5;129;01mnot[39;00m [38;5;28;01mNone[39;00m:

File [0;32m/opt/hostedtoolcache/Python/3.9.9/x64/lib/python3.9/site-packages/matplotlib/axis.py:1159[0m, in [0;36mAxis.draw[0;34m(self, renderer, *args, **kwargs)[0m
[1;32m   1156[0m renderer[38;5;241m.[39mopen_group([38;5;18m__name__[39m, gid[38;5;241m=[39m[38;5;28mself[39m[38;5;241m.[39mget_gid())
[1;32m   1158[0m ticks_to_draw [38;5;241m=[39m [38;5;28mself[39m[38;5;241m.[39m_update_ticks()
[0;32m-> 1159[0m ticklabelBoxes, ticklabelBoxes2 [38;5;241m=[39m [38;5;28;43mself[39;49m[38;5;241;43m.[39;49m[43m_get_tick_bboxes[49m[43m([49m[43mticks_to_draw[49m[43m,[49m
[1;32m   1160[0m [43m                                                        [49m[43mrenderer[49m[43m)[49m
[1;32m   1162[0m [38;5;28;01mfor[39;00m tick [38;5;129;01min[39;00m ticks_to_draw:
[1;32m   1163[0m     tick[38;5;241m.[39mdraw(renderer)

File [0;32m/opt/hostedtoolcache/Python/3.9.9/x64/lib/python3.9/site-packages/matplotlib/axis.py:1085[0m, in [0;36mAxis._get_tick_bboxes[0;34m(self, ticks, renderer)[0m
[1;32m   1083[0m [38;5;28;01mdef[39;00m [38;5;21m_get_tick_bboxes[39m([38;5;28mself[39m, ticks, renderer):
[1;32m   1084[0m     [38;5;124;03m"""Return lists of bboxes for ticks' label1's and label2's."""[39;00m
[0;32m-> 1085[0m     [38;5;28;01mreturn[39;00m ([tick[38;5;241m.[39mlabel1[38;5;241m.[39mget_window_extent(renderer)
[1;32m   1086[0m              [38;5;28;01mfor[39;00m tick [38;5;129;01min[39;00m ticks [38;5;28;01mif[39;00m tick[38;5;241m.[39mlabel1[38;5;241m.[39mget_visible()],
[1;32m   1087[0m             [tick[38;5;241m.[39mlabel2[38;5;241m.[39mget_window_extent(renderer)
[1;32m   1088[0m              [38;5;28;01mfor[39;00m tick [38;5;129;01min[39;00m ticks [38;5;28;01mif[39;00m tick[38;5;241m.[39mlabel2[38;5;241m.[39mget_visible()])

File [0;32m/opt/hostedtoolcache/Python/3.9.9/x64/lib/python3.9/site-packages/matplotlib/axis.py:1085[0m, in [0;36m<listcomp>[0;34m(.0)[0m
[1;32m   1083[0m [38;5;28;01mdef[39;00m [38;5;21m_get_tick_bboxes[39m([38;5;28mself[39m, ticks, renderer):
[1;32m   1084[0m     [38;5;124;03m"""Return lists of bboxes for ticks' label1's and label2's."""[39;00m
[0;32m-> 1085[0m     [38;5;28;01mreturn[39;00m ([[43mtick[49m[38;5;241;43m.[39;49m[43mlabel1[49m[38;5;241;43m.[39;49m[43mget_window_extent[49m[43m([49m[43mrenderer[49m[43m)[49m
[1;32m   1086[0m              [38;5;28;01mfor[39;00m tick [38;5;129;01min[39;00m ticks [38;5;28;01mif[39;00m tick[38;5;241m.[39mlabel1[38;5;241m.[39mget_visible()],
[1;32m   1087[0m             [tick[38;5;241m.[39mlabel2[38;5;241m.[39mget_window_extent(renderer)
[1;32m   1088[0m              [38;5;28;01mfor[39;00m tick [38;5;129;01min[39;00m ticks [38;5;28;01mif[39;00m tick[38;5;241m.[39mlabel2[38;5;241m.[39mget_visible()])

File [0;32m/opt/hostedtoolcache/Python/3.9.9/x64/lib/python3.9/site-packages/matplotlib/text.py:910[0m, in [0;36mText.get_window_extent[0;34m(self, renderer, dpi)[0m
[1;32m    907[0m     [38;5;28;01mraise[39;00m [38;5;167;01mRuntimeError[39;00m([38;5;124m'[39m[38;5;124mCannot get window extent w/o renderer[39m[38;5;124m'[39m)
[1;32m    909[0m [38;5;28;01mwith[39;00m cbook[38;5;241m.[39m_setattr_cm([38;5;28mself[39m[38;5;241m.[39mfigure, dpi[38;5;241m=[39mdpi):
[0;32m--> 910[0m     bbox, info, descent [38;5;241m=[39m [38;5;28;43mself[39;49m[38;5;241;43m.[39;49m[43m_get_layout[49m[43m([49m[38;5;28;43mself[39;49m[38;5;241;43m.[39;49m[43m_renderer[49m[43m)[49m
[1;32m    911[0m     x, y [38;5;241m=[39m [38;5;28mself[39m[38;5;241m.[39mget_unitless_position()
[1;32m    912[0m     x, y [38;5;241m=[39m [38;5;28mself[39m[38;5;241m.[39mget_transform()[38;5;241m.[39mtransform((x, y))

File [0;32m/opt/hostedtoolcache/Python/3.9.9/x64/lib/python3.9/site-packages/matplotlib/text.py:309[0m, in [0;36mText._get_layout[0;34m(self, renderer)[0m
[1;32m    306[0m ys [38;5;241m=[39m []
[1;32m    308[0m [38;5;66;03m# Full vertical extent of font, including ascenders and descenders:[39;00m
[0;32m--> 309[0m _, lp_h, lp_d [38;5;241m=[39m [43mrenderer[49m[38;5;241;43m.[39;49m[43mget_text_width_height_descent[49m[43m([49m
[1;32m    310[0m [43m    [49m[38;5;124;43m"[39;49m[38;5;124;43mlp[39;49m[38;5;124;43m"[39;49m[43m,[49m[43m [49m[38;5;28;43mself[39;49m[38;5;241;43m.[39;49m[43m_fontproperties[49m[43m,[49m
[1;32m    311[0m [43m    [49m[43mismath[49m[38;5;241;43m=[39;49m[38;5;124;43m"[39;49m[38;5;124;43mTeX[39;49m[38;5;124;43m"[39;49m[43m [49m[38;5;28;43;01mif[39;49;00m[43m [49m[38;5;28;43mself[39;49m[38;5;241;43m.[39;49m[43mget_usetex[49m[43m([49m[43m)[49m[43m [49m[38;5;28;43;01melse[39;49;00m[43m [49m[38;5;28;43;01mFalse[39;49;00m[43m)[49m
[1;32m    312[0m min_dy [38;5;241m=[39m (lp_h [38;5;241m-[39m lp_d) [38;5;241m*[39m [38;5;28mself[39m[38;5;241m.[39m_linespacing
[1;32m    314[0m [38;5;28;01mfor[39;00m i, line [38;5;129;01min[39;00m [38;5;28menumerate[39m(lines):

File [0;32m/opt/hostedtoolcache/Python/3.9.9/x64/lib/python3.9/site-packages/matplotlib/backends/backend_agg.py:259[0m, in [0;36mRendererAgg.get_text_width_height_descent[0;34m(self, s, prop, ismath)[0m
[1;32m    257[0m     texmanager [38;5;241m=[39m [38;5;28mself[39m[38;5;241m.[39mget_texmanager()
[1;32m    258[0m     fontsize [38;5;241m=[39m prop[38;5;241m.[39mget_size_in_points()
[0;32m--> 259[0m     w, h, d [38;5;241m=[39m [43mtexmanager[49m[38;5;241;43m.[39;49m[43mget_text_width_height_descent[49m[43m([49m
[1;32m    260[0m [43m        [49m[43ms[49m[43m,[49m[43m [49m[43mfontsize[49m[43m,[49m[43m [49m[43mrenderer[49m[38;5;241;43m=[39;49m[38;5;28;43mself[39;49m[43m)[49m
[1;32m    261[0m     [38;5;28;01mreturn[39;00m w, h, d
[1;32m    263[0m [38;5;28;01mif[39;00m ismath:

File [0;32m/opt/hostedtoolcache/Python/3.9.9/x64/lib/python3.9/site-packages/matplotlib/texmanager.py:335[0m, in [0;36mTexManager.get_text_width_height_descent[0;34m(self, tex, fontsize, renderer)[0m
[1;32m    333[0m [38;5;28;01mif[39;00m tex[38;5;241m.[39mstrip() [38;5;241m==[39m [38;5;124m'[39m[38;5;124m'[39m:
[1;32m    334[0m     [38;5;28;01mreturn[39;00m [38;5;241m0[39m, [38;5;241m0[39m, [38;5;241m0[39m
[0;32m--> 335[0m dvifile [38;5;241m=[39m [38;5;28;43mself[39;49m[38;5;241;43m.[39;49m[43mmake_dvi[49m[43m([49m[43mtex[49m[43m,[49m[43m [49m[43mfontsize[49m[43m)[49m
[1;32m    336[0m dpi_fraction [38;5;241m=[39m renderer[38;5;241m.[39mpoints_to_pixels([38;5;241m1.[39m) [38;5;28;01mif[39;00m renderer [38;5;28;01melse[39;00m [38;5;241m1[39m
[1;32m    337[0m [38;5;28;01mwith[39;00m dviread[38;5;241m.[39mDvi(dvifile, [38;5;241m72[39m [38;5;241m*[39m dpi_fraction) [38;5;28;01mas[39;00m dvi:

File [0;32m/opt/hostedtoolcache/Python/3.9.9/x64/lib/python3.9/site-packages/matplotlib/texmanager.py:271[0m, in [0;36mTexManager.make_dvi[0;34m(self, tex, fontsize)[0m
[1;32m    262[0m     [38;5;66;03m# Generate the dvi in a temporary directory to avoid race[39;00m
[1;32m    263[0m     [38;5;66;03m# conditions e.g. if multiple processes try to process the same tex[39;00m
[1;32m    264[0m     [38;5;66;03m# string at the same time.  Having tmpdir be a subdirectory of the[39;00m
[0;32m   (...)[0m
[1;32m    268[0m     [38;5;66;03m# the absolute path may contain characters (e.g. ~) that TeX does[39;00m
[1;32m    269[0m     [38;5;66;03m# not support.)[39;00m
[1;32m    270[0m     [38;5;28;01mwith[39;00m TemporaryDirectory([38;5;28mdir[39m[38;5;241m=[39mPath(dvifile)[38;5;241m.[39mparent) [38;5;28;01mas[39;00m tmpdir:
[0;32m--> 271[0m         [38;5;28;43mself[39;49m[38;5;241;43m.[39;49m[43m_run_checked_subprocess[49m[43m([49m
[1;32m    272[0m [43m            [49m[43m[[49m[38;5;124;43m"[39;49m[38;5;124;43mlatex[39;49m[38;5;124;43m"[39;49m[43m,[49m[43m [49m[38;5;124;43m"[39;49m[38;5;124;43m-interaction=nonstopmode[39;49m[38;5;124;43m"[39;49m[43m,[49m[43m [49m[38;5;124;43m"[39;49m[38;5;124;43m--halt-on-error[39;49m[38;5;124;43m"[39;49m[43m,[49m
[1;32m    273[0m [43m             [49m[38;5;124;43mf[39;49m[38;5;124;43m"[39;49m[38;5;124;43m../[39;49m[38;5;132;43;01m{[39;49;00m[43mtexfile[49m[38;5;241;43m.[39;49m[43mname[49m[38;5;132;43;01m}[39;49;00m[38;5;124;43m"[39;49m[43m][49m[43m,[49m[43m [49m[43mtex[49m[43m,[49m[43m [49m[43mcwd[49m[38;5;241;43m=[39;49m[43mtmpdir[49m[43m)[49m
[1;32m    274[0m         (Path(tmpdir) [38;5;241m/[39m Path(dvifile)[38;5;241m.[39mname)[38;5;241m.[39mreplace(dvifile)
[1;32m    275[0m [38;5;28;01mreturn[39;00m dvifile

File [0;32m/opt/hostedtoolcache/Python/3.9.9/x64/lib/python3.9/site-packages/matplotlib/texmanager.py:237[0m, in [0;36mTexManager._run_checked_subprocess[0;34m(self, command, tex, cwd)[0m
[1;32m    233[0m     report [38;5;241m=[39m subprocess[38;5;241m.[39mcheck_output(
[1;32m    234[0m         command, cwd[38;5;241m=[39mcwd [38;5;28;01mif[39;00m cwd [38;5;129;01mis[39;00m [38;5;129;01mnot[39;00m [38;5;28;01mNone[39;00m [38;5;28;01melse[39;00m [38;5;28mself[39m[38;5;241m.[39mtexcache,
[1;32m    235[0m         stderr[38;5;241m=[39msubprocess[38;5;241m.[39mSTDOUT)
[1;32m    236[0m [38;5;28;01mexcept[39;00m [38;5;167;01mFileNotFoundError[39;00m [38;5;28;01mas[39;00m exc:
[0;32m--> 237[0m     [38;5;28;01mraise[39;00m [38;5;167;01mRuntimeError[39;00m(
[1;32m    238[0m         [38;5;124m'[39m[38;5;124mFailed to process string with tex because [39m[38;5;132;01m{}[39;00m[38;5;124m could not be [39m[38;5;124m'[39m
[1;32m    239[0m         [38;5;124m'[39m[38;5;124mfound[39m[38;5;124m'[39m[38;5;241m.[39mformat(command[[38;5;241m0[39m])) [38;5;28;01mfrom[39;00m [38;5;21;01mexc[39;00m
[1;32m    240[0m [38;5;28;01mexcept[39;00m subprocess[38;5;241m.[39mCalledProcessError [38;5;28;01mas[39;00m exc:
[1;32m    241[0m     [38;5;28;01mraise[39;00m [38;5;167;01mRuntimeError[39;00m(
[1;32m    242[0m         [38;5;124m'[39m[38;5;132;01m{prog}[39;00m[38;5;124m was not able to process the following string:[39m[38;5;130;01m\n[39;00m[38;5;124m'[39m
[1;32m    243[0m         [38;5;124m'[39m[38;5;132;01m{tex!r}[39;00m[38;5;130;01m\n[39;00m[38;5;130;01m\n[39;00m[38;5;124m'[39m
[0;32m   (...)[0m
[1;32m    247[0m             tex[38;5;241m=[39mtex[38;5;241m.[39mencode([38;5;124m'[39m[38;5;124municode_escape[39m[38;5;124m'[39m),
[1;32m    248[0m             exc[38;5;241m=[39mexc[38;5;241m.[39moutput[38;5;241m.[39mdecode([38;5;124m'[39m[38;5;124mutf-8[39m[38;5;124m'[39m))) [38;5;28;01mfrom[39;00m [38;5;21;01mexc[39;00m

[0;31mRuntimeError[0m: Failed to process string with tex because latex could not be found
RuntimeError: Failed to process string with tex because latex could not be found

